ReactApp/android/app/build/intermediates/manifest_merge_blame_file/debug/manifest-merger-blame-debug-report.txt
1<?xml version="1.0" encoding="utf-8"?>
2<manifest xmlns:android="http://schemas.android.com/apk/res/android"
3    package="com.split"
4    android:versionCode="1"
5    android:versionName="1.0" >
6
7    <uses-sdk
8        android:minSdkVersion="21"
9        android:targetSdkVersion="34" />
10
11    <uses-permission android:name="android.permission.INTERNET" />
11-->src\main\AndroidManifest.xml:3:5-67
11-->src\main\AndroidManifest.xml:3:22-64
12    <uses-permission android:name="android.permission.CAMERA" />
12-->src\main\AndroidManifest.xml:4:5-65
12-->src\main\AndroidManifest.xml:4:22-62
13    <uses-permission android:name="android.permission.WRITE_EXTERNAL_STORAGE" />
13-->src\main\AndroidManifest.xml:5:5-80
13-->src\main\AndroidManifest.xml:5:22-78
14    <!--
15    This manifest file is used only by Gradle to configure debug-only capabilities
16    for React Native Apps.
17    -->
18    <uses-permission android:name="android.permission.SYSTEM_ALERT_WINDOW" />
18-->[com.facebook.react:react-android:0.73.4] AndroidManifest.xml:16:5-78
18-->[com.facebook.react:react-android:0.73.4] AndroidManifest.xml:16:22-75
19    <uses-permission android:name="android.permission.ACCESS_WIFI_STATE" />
19-->[com.facebook.flipper:flipper:0.201.0] AndroidManifest.xml:14:5-76
19-->[com.facebook.flipper:flipper:0.201.0] AndroidManifest.xml:14:22-73
20
21    <permission
21-->[androidx.core:core:1.9.0] AndroidManifest.xml:22:5-24:47
22        android:name="com.split.DYNAMIC_RECEIVER_NOT_EXPORTED_PERMISSION"
22-->[androidx.core:core:1.9.0] AndroidManifest.xml:23:9-81
23        android:protectionLevel="signature" />
23-->[androidx.core:core:1.9.0] AndroidManifest.xml:24:9-44
24
25    <uses-permission android:name="com.split.DYNAMIC_RECEIVER_NOT_EXPORTED_PERMISSION" />
25-->[androidx.core:core:1.9.0] AndroidManifest.xml:26:5-97
25-->[androidx.core:core:1.9.0] AndroidManifest.xml:26:22-94
26
27    <application
27-->src\main\AndroidManifest.xml:6:5-28:19
28        android:name="com.split.MainApplication"
28-->src\main\AndroidManifest.xml:8:7-38
29        android:allowBackup="false"
29-->src\main\AndroidManifest.xml:12:7-34
30        android:appComponentFactory="androidx.core.app.CoreComponentFactory"
30-->[androidx.core:core:1.9.0] AndroidManifest.xml:28:18-86
31        android:debuggable="true"
32        android:extractNativeLibs="true"
33        android:icon="@mipmap/ic_launcher"
33-->src\main\AndroidManifest.xml:10:7-41
34        android:label="@string/app_name"
34-->src\main\AndroidManifest.xml:9:7-39
35        android:roundIcon="@mipmap/ic_launcher_round"
35-->src\main\AndroidManifest.xml:11:7-52
36        android:theme="@style/AppTheme"
36-->src\main\AndroidManifest.xml:13:7-38
37        android:usesCleartextTraffic="true" >
37-->src\main\AndroidManifest.xml:7:7-42
38        <activity
38-->src\main\AndroidManifest.xml:15:7-27:18
39            android:name="com.split.MainActivity"
39-->src\main\AndroidManifest.xml:16:9-37
40            android:configChanges="keyboard|keyboardHidden|orientation|screenLayout|screenSize|smallestScreenSize|uiMode"
40-->src\main\AndroidManifest.xml:19:9-118
41            android:exported="true"
41-->src\main\AndroidManifest.xml:22:9-32
42            android:label="@string/app_name"
42-->src\main\AndroidManifest.xml:17:9-41
43            android:launchMode="singleTask"
43-->src\main\AndroidManifest.xml:20:9-40
44            android:screenOrientation="portrait"
44-->src\main\AndroidManifest.xml:18:9-45
45            android:windowSoftInputMode="adjustResize" >
45-->src\main\AndroidManifest.xml:21:9-51
46            <intent-filter>
46-->src\main\AndroidManifest.xml:23:9-26:25
47                <action android:name="android.intent.action.MAIN" />
47-->src\main\AndroidManifest.xml:24:13-65
47-->src\main\AndroidManifest.xml:24:21-62
48
49                <category android:name="android.intent.category.LAUNCHER" />
49-->src\main\AndroidManifest.xml:25:13-73
49-->src\main\AndroidManifest.xml:25:23-70
50            </intent-filter>
51        </activity>
52
53        <provider
53-->[:react-native-image-picker] AndroidManifest.xml:8:9-16:20
54            android:name="com.imagepicker.ImagePickerProvider"
54-->[:react-native-image-picker] AndroidManifest.xml:9:13-63
55            android:authorities="com.split.imagepickerprovider"
55-->[:react-native-image-picker] AndroidManifest.xml:10:13-71
56            android:exported="false"
56-->[:react-native-image-picker] AndroidManifest.xml:11:13-37
57            android:grantUriPermissions="true" >
57-->[:react-native-image-picker] AndroidManifest.xml:12:13-47
58            <meta-data
58-->[:react-native-image-picker] AndroidManifest.xml:13:13-15:70
59                android:name="android.support.FILE_PROVIDER_PATHS"
59-->[:react-native-image-picker] AndroidManifest.xml:14:17-67
60                android:resource="@xml/imagepicker_provider_paths" />
60-->[:react-native-image-picker] AndroidManifest.xml:15:17-67
61        </provider>
62
63        <activity
63-->[com.facebook.react:react-android:0.73.4] AndroidManifest.xml:19:9-21:40
64            android:name="com.facebook.react.devsupport.DevSettingsActivity"
64-->[com.facebook.react:react-android:0.73.4] AndroidManifest.xml:20:13-77
65            android:exported="false" />
65-->[com.facebook.react:react-android:0.73.4] AndroidManifest.xml:21:13-37
66
67        <provider
67-->[androidx.emoji2:emoji2:1.2.0] AndroidManifest.xml:24:9-32:20
68            android:name="androidx.startup.InitializationProvider"
68-->[androidx.emoji2:emoji2:1.2.0] AndroidManifest.xml:25:13-67
69            android:authorities="com.split.androidx-startup"
69-->[androidx.emoji2:emoji2:1.2.0] AndroidManifest.xml:26:13-68
70            android:exported="false" >
70-->[androidx.emoji2:emoji2:1.2.0] AndroidManifest.xml:27:13-37
71            <meta-data
71-->[androidx.emoji2:emoji2:1.2.0] AndroidManifest.xml:29:13-31:52
72                android:name="androidx.emoji2.text.EmojiCompatInitializer"
72-->[androidx.emoji2:emoji2:1.2.0] AndroidManifest.xml:30:17-75
73                android:value="androidx.startup" />
73-->[androidx.emoji2:emoji2:1.2.0] AndroidManifest.xml:31:17-49
74            <meta-data
74-->[androidx.lifecycle:lifecycle-process:2.4.1] AndroidManifest.xml:31:13-33:52
75                android:name="androidx.lifecycle.ProcessLifecycleInitializer"
75-->[androidx.lifecycle:lifecycle-process:2.4.1] AndroidManifest.xml:32:17-78
76                android:value="androidx.startup" />
76-->[androidx.lifecycle:lifecycle-process:2.4.1] AndroidManifest.xml:33:17-49
77        </provider>
78
79        <meta-data
79-->[com.facebook.soloader:soloader:0.10.5] AndroidManifest.xml:12:9-14:37
80            android:name="com.facebook.soloader.enabled"
80-->[com.facebook.soloader:soloader:0.10.5] AndroidManifest.xml:13:13-57
81            android:value="false" />
81-->[com.facebook.soloader:soloader:0.10.5] AndroidManifest.xml:14:13-34
82    </application>
83
84</manifest>